[debug] [2020-12-13T21:46:59.197Z] ----------------------------------------------------------------------
[debug] [2020-12-13T21:46:59.200Z] Command:       C:\Program Files\nodejs\node.exe C:\Users\Dell\AppData\Roaming\npm\node_modules\firebase-tools\lib\bin\firebase.js deploy
[debug] [2020-12-13T21:46:59.200Z] CLI Version:   8.19.0
[debug] [2020-12-13T21:46:59.201Z] Platform:      win32
[debug] [2020-12-13T21:46:59.201Z] Node Version:  v12.18.3
[debug] [2020-12-13T21:46:59.202Z] Time:          Mon Dec 14 2020 00:46:59 GMT+0300 (East Africa Time)
[debug] [2020-12-13T21:46:59.202Z] ----------------------------------------------------------------------
[debug] [2020-12-13T21:46:59.202Z] 
[debug] [2020-12-13T21:46:59.211Z] > command requires scopes: ["email","openid","https://www.googleapis.com/auth/cloudplatformprojects.readonly","https://www.googleapis.com/auth/firebase","https://www.googleapis.com/auth/cloud-platform"]
[debug] [2020-12-13T21:46:59.212Z] > authorizing via signed-in user
[debug] [2020-12-13T21:46:59.212Z] [iam] checking project twitter-clone-bddb7 for permissions ["firebase.projects.get","firebasehosting.sites.update"]
[debug] [2020-12-13T21:46:59.216Z] >>> HTTP REQUEST POST https://cloudresourcemanager.googleapis.com/v1/projects/twitter-clone-bddb7:testIamPermissions  
 {"permissions":["firebase.projects.get","firebasehosting.sites.update"]}
[debug] [2020-12-13T21:47:10.346Z] [iam] error while checking permissions, command may fail: FirebaseError: Server Error. getaddrinfo ENOTFOUND cloudresourcemanager.googleapis.com
[debug] [2020-12-13T21:47:10.350Z] >>> HTTP REQUEST GET https://firebase.googleapis.com/v1beta1/projects/twitter-clone-bddb7  
 
[debug] [2020-12-13T21:47:21.416Z] Server Error. getaddrinfo ENOTFOUND firebase.googleapis.com
[debug] [2020-12-13T21:47:21.422Z] FirebaseError: Server Error. getaddrinfo ENOTFOUND firebase.googleapis.com
    at Request._callback (C:\Users\Dell\AppData\Roaming\npm\node_modules\firebase-tools\lib\api.js:32:31)
    at self.callback (C:\Users\Dell\AppData\Roaming\npm\node_modules\firebase-tools\node_modules\request\request.js:185:22)
    at Request.emit (events.js:315:20)
    at Request.EventEmitter.emit (domain.js:483:12)
    at Request.onRequestError (C:\Users\Dell\AppData\Roaming\npm\node_modules\firebase-tools\node_modules\request\request.js:877:8)
    at ClientRequest.emit (events.js:327:22)
    at ClientRequest.EventEmitter.emit (domain.js:483:12)
    at TLSSocket.socketErrorListener (_http_client.js:426:9)
    at TLSSocket.emit (events.js:315:20)
    at TLSSocket.EventEmitter.emit (domain.js:483:12)
    at emitErrorNT (internal/streams/destroy.js:92:8)
    at emitErrorAndCloseNT (internal/streams/destroy.js:60:3)
    at processTicksAndRejections (internal/process/task_queues.js:84:21)
[error] 
[error] Error: Failed to get Firebase project twitter-clone-bddb7. Please make sure the project exists and your account has permission to access it.
[debug] [2020-12-13T21:47:43.468Z] ----------------------------------------------------------------------
[debug] [2020-12-13T21:47:43.471Z] Command:       C:\Program Files\nodejs\node.exe C:\Users\Dell\AppData\Roaming\npm\node_modules\firebase-tools\lib\bin\firebase.js deploy
[debug] [2020-12-13T21:47:43.471Z] CLI Version:   8.19.0
[debug] [2020-12-13T21:47:43.471Z] Platform:      win32
[debug] [2020-12-13T21:47:43.471Z] Node Version:  v12.18.3
[debug] [2020-12-13T21:47:43.473Z] Time:          Mon Dec 14 2020 00:47:43 GMT+0300 (East Africa Time)
[debug] [2020-12-13T21:47:43.473Z] ----------------------------------------------------------------------
[debug] [2020-12-13T21:47:43.473Z] 
[debug] [2020-12-13T21:47:43.482Z] > command requires scopes: ["email","openid","https://www.googleapis.com/auth/cloudplatformprojects.readonly","https://www.googleapis.com/auth/firebase","https://www.googleapis.com/auth/cloud-platform"]
[debug] [2020-12-13T21:47:43.483Z] > authorizing via signed-in user
[debug] [2020-12-13T21:47:43.483Z] [iam] checking project twitter-clone-bddb7 for permissions ["firebase.projects.get","firebasehosting.sites.update"]
[debug] [2020-12-13T21:47:43.487Z] >>> HTTP REQUEST POST https://cloudresourcemanager.googleapis.com/v1/projects/twitter-clone-bddb7:testIamPermissions  
 {"permissions":["firebase.projects.get","firebasehosting.sites.update"]}
[debug] [2020-12-13T21:47:45.468Z] <<< HTTP RESPONSE 200 {"content-type":"application/json; charset=UTF-8","vary":"X-Origin, Referer, Origin,Accept-Encoding","date":"Sun, 13 Dec 2020 21:47:45 GMT","server":"ESF","cache-control":"private","x-xss-protection":"0","x-frame-options":"SAMEORIGIN","x-content-type-options":"nosniff","server-timing":"gfet4t7; dur=1289","alt-svc":"h3-29=\":443\"; ma=2592000,h3-T051=\":443\"; ma=2592000,h3-Q050=\":443\"; ma=2592000,h3-Q046=\":443\"; ma=2592000,h3-Q043=\":443\"; ma=2592000,quic=\":443\"; ma=2592000; v=\"46,43\"","accept-ranges":"none","transfer-encoding":"chunked"}
[debug] [2020-12-13T21:47:45.471Z] >>> HTTP REQUEST GET https://firebase.googleapis.com/v1beta1/projects/twitter-clone-bddb7  
 
[debug] [2020-12-13T21:47:45.486Z] Server Error. getaddrinfo ENOTFOUND firebase.googleapis.com
[debug] [2020-12-13T21:47:45.492Z] FirebaseError: Server Error. getaddrinfo ENOTFOUND firebase.googleapis.com
    at Request._callback (C:\Users\Dell\AppData\Roaming\npm\node_modules\firebase-tools\lib\api.js:32:31)
    at self.callback (C:\Users\Dell\AppData\Roaming\npm\node_modules\firebase-tools\node_modules\request\request.js:185:22)
    at Request.emit (events.js:315:20)
    at Request.EventEmitter.emit (domain.js:483:12)
    at Request.onRequestError (C:\Users\Dell\AppData\Roaming\npm\node_modules\firebase-tools\node_modules\request\request.js:877:8)
    at ClientRequest.emit (events.js:327:22)
    at ClientRequest.EventEmitter.emit (domain.js:483:12)
    at TLSSocket.socketErrorListener (_http_client.js:426:9)
    at TLSSocket.emit (events.js:315:20)
    at TLSSocket.EventEmitter.emit (domain.js:483:12)
    at emitErrorNT (internal/streams/destroy.js:92:8)
    at emitErrorAndCloseNT (internal/streams/destroy.js:60:3)
    at processTicksAndRejections (internal/process/task_queues.js:84:21)
[error] 
[error] Error: Failed to get Firebase project twitter-clone-bddb7. Please make sure the project exists and your account has permission to access it.
